0 info it worked if it ends with ok
1 verbose cli [ 'node', '/usr/local/bin/npm', 'install', '-g', 'uglify.js' ]
2 info using npm@1.4.28
3 info using node@v0.10.33
4 verbose cache add [ 'uglify.js', null ]
5 verbose cache add name=undefined spec="uglify.js" args=["uglify.js",null]
6 verbose parsed url { protocol: null,
6 verbose parsed url   slashes: null,
6 verbose parsed url   auth: null,
6 verbose parsed url   host: null,
6 verbose parsed url   port: null,
6 verbose parsed url   hostname: null,
6 verbose parsed url   hash: null,
6 verbose parsed url   search: null,
6 verbose parsed url   query: null,
6 verbose parsed url   pathname: 'uglify.js',
6 verbose parsed url   path: 'uglify.js',
6 verbose parsed url   href: 'uglify.js' }
7 silly lockFile 5e0e6f37-uglify-js uglify.js
8 verbose lock uglify.js /Users/sburnett/.npm/5e0e6f37-uglify-js.lock
9 silly lockFile 5e0e6f37-uglify-js uglify.js
10 silly lockFile 5e0e6f37-uglify-js uglify.js
11 verbose addNamed [ 'uglify.js', '' ]
12 verbose addNamed [ null, '*' ]
13 silly lockFile c1344274-uglify-js uglify.js@
14 verbose lock uglify.js@ /Users/sburnett/.npm/c1344274-uglify-js.lock
15 silly addNameRange { name: 'uglify.js', range: '*', hasData: false }
16 verbose request where is /uglify.js
17 verbose request registry https://registry.npmjs.org/
18 verbose request id 8c4b5c5a576075ec
19 verbose url raw /uglify.js
20 verbose url resolving [ 'https://registry.npmjs.org/', './uglify.js' ]
21 verbose url resolved https://registry.npmjs.org/uglify.js
22 verbose request where is https://registry.npmjs.org/uglify.js
23 info trying registry request attempt 1 at 11:09:16
24 http GET https://registry.npmjs.org/uglify.js
25 http 404 https://registry.npmjs.org/uglify.js
26 verbose headers { date: 'Wed, 19 Nov 2014 18:09:18 GMT',
26 verbose headers   server: 'CouchDB/1.5.0 (Erlang OTP/R16B03)',
26 verbose headers   'content-type': 'application/json',
26 verbose headers   'cache-control': 'max-age=0',
26 verbose headers   'content-length': '52',
26 verbose headers   'accept-ranges': 'bytes',
26 verbose headers   via: '1.1 varnish',
26 verbose headers   age: '0',
26 verbose headers   'x-served-by': 'cache-sjc3121-SJC',
26 verbose headers   'x-cache': 'MISS',
26 verbose headers   'x-cache-hits': '0',
26 verbose headers   'x-timer': 'S1416420558.103280,VS0,VE92',
26 verbose headers   'keep-alive': 'timeout=10, max=50',
26 verbose headers   connection: 'Keep-Alive' }
27 silly registry.get cb [ 404,
27 silly registry.get   { date: 'Wed, 19 Nov 2014 18:09:18 GMT',
27 silly registry.get     server: 'CouchDB/1.5.0 (Erlang OTP/R16B03)',
27 silly registry.get     'content-type': 'application/json',
27 silly registry.get     'cache-control': 'max-age=0',
27 silly registry.get     'content-length': '52',
27 silly registry.get     'accept-ranges': 'bytes',
27 silly registry.get     via: '1.1 varnish',
27 silly registry.get     age: '0',
27 silly registry.get     'x-served-by': 'cache-sjc3121-SJC',
27 silly registry.get     'x-cache': 'MISS',
27 silly registry.get     'x-cache-hits': '0',
27 silly registry.get     'x-timer': 'S1416420558.103280,VS0,VE92',
27 silly registry.get     'keep-alive': 'timeout=10, max=50',
27 silly registry.get     connection: 'Keep-Alive' } ]
28 silly lockFile c1344274-uglify-js uglify.js@
29 silly lockFile c1344274-uglify-js uglify.js@
30 error 404 404 Not Found: uglify.js
30 error 404
30 error 404 'uglify.js' is not in the npm registry.
30 error 404 You should bug the author to publish it
30 error 404
30 error 404 Maybe try 'npm search uglify'
30 error 404
30 error 404 Note that you can also install from a
30 error 404 tarball, folder, or http url, or git url.
31 error System Darwin 13.4.0
32 error command "node" "/usr/local/bin/npm" "install" "-g" "uglify.js"
33 error cwd /Users/sburnett/seniorProject/SportIM-web
34 error node -v v0.10.33
35 error npm -v 1.4.28
36 error code E404
37 verbose exit [ 1, true ]
